<?xml version="1.0" encoding="UTF-8"?>
<!-- Generated by org.testng.reporters.JUnitXMLReporter -->
<testsuite hostname="DESKTOP-K95LS24" ignored="8" name="Test" tests="12" failures="0" timestamp="2020-06-28T13:20:42 BST" time="75.787" errors="0">
  <testcase name="Ecre" time="6.945" classname="com.ebanking.master.EmpCNG"/>
  <testcase name="Ecre" time="6.365" classname="com.ebanking.master.EmpCNG"/>
  <testcase name="Ecre" time="6.611" classname="com.ebanking.master.EmpCNG"/>
  <testcase name="Ecre" time="6.42" classname="com.ebanking.master.EmpCNG"/>
  <testcase name="Rcre" time="5.746" classname="com.ebanking.master.RoleCNG"/>
  <testcase name="Rcre" time="5.513" classname="com.ebanking.master.RoleCNG"/>
  <testcase name="Rcre" time="5.525" classname="com.ebanking.master.RoleCNG"/>
  <testcase name="Rcre" time="5.463" classname="com.ebanking.master.RoleCNG"/>
  <testcase name="Bcre" time="6.796" classname="com.ebanking.master.BranchCNG"/>
  <testcase name="Bcre" time="6.197" classname="com.ebanking.master.BranchCNG"/>
  <testcase name="Bcre" time="6.336" classname="com.ebanking.master.BranchCNG"/>
  <testcase name="Bcre" time="6.314" classname="com.ebanking.master.BranchCNG"/>
  <testcase name="@BeforeTest beforeTest" time="0.0" classname="com.ebanking.master.Base">
    <ignored/>
  </testcase> <!-- @BeforeTest beforeTest -->
  <testcase name="@BeforeTest beforeTest" time="0.0" classname="com.ebanking.master.Base">
    <ignored/>
  </testcase> <!-- @BeforeTest beforeTest -->
  <testcase name="@AfterTest afterTest" time="0.0" classname="com.ebanking.master.Base">
    <ignored/>
  </testcase> <!-- @AfterTest afterTest -->
  <testcase name="@AfterTest afterTest" time="0.0" classname="com.ebanking.master.Base">
    <ignored/>
  </testcase> <!-- @AfterTest afterTest -->
  <testcase name="@BeforeSuite beforeSuite" time="0.0" classname="com.ebanking.master.Base">
    <ignored/>
  </testcase> <!-- @BeforeSuite beforeSuite -->
  <testcase name="@BeforeSuite beforeSuite" time="0.0" classname="com.ebanking.master.Base">
    <ignored/>
  </testcase> <!-- @BeforeSuite beforeSuite -->
  <testcase name="@AfterSuite afterSuite" time="0.0" classname="com.ebanking.master.Base">
    <ignored/>
  </testcase> <!-- @AfterSuite afterSuite -->
  <testcase name="@AfterSuite afterSuite" time="0.0" classname="com.ebanking.master.Base">
    <ignored/>
  </testcase> <!-- @AfterSuite afterSuite -->
</testsuite> <!-- Test -->
